# JRE version: Java(TM) SE Runtime Environment (18.0.1.1+2) (build 18.0.1.1+2-6)
# Java VM: Java HotSpot(TM) 64-Bit Server VM (18.0.1.1+2-6, mixed mode, sharing, tiered, compressed oops, compressed class ptrs, g1 gc, windows-amd64)
GC Precious Log:
 CardTable entry size: 512
 Card Set container configuration: InlinePtr #cards 5 size 8 Array Of Cards #cards 12 size 40 Howl #buckets 4 coarsen threshold 1843 Howl Bitmap #cards 512 size 80 coarsen threshold 460 Card regions per heap region 1 cards per card region 2048
 CPUs: 4 total, 4 available
 Memory: 8065M
 Large Page Support: Disabled
 NUMA Support: Disabled
 Compressed Oops: Enabled (32-bit)
 Heap Region Size: 1M
 Heap Min Capacity: 256M
 Heap Initial Capacity: 256M
 Heap Max Capacity: 512M
 Pre-touch: Disabled
 Parallel Workers: 4
 Concurrent Workers: 1
 Concurrent Refinement Workers: 4
 Periodic GC: Disabled
Heap:
 garbage-first heap   total 262144K, used 113521K [0x00000000e0000000, 0x0000000100000000)
  region size 1024K, 18 young (18432K), 7 survivors (7168K)
 Metaspace       used 79989K, committed 82112K, reserved 344064K
  class space    used 10761K, committed 11840K, reserved 212992K
GC Heap History (20 events):
Event: 17.161 GC heap before
{Heap before GC invocations=6 (full 0):
 garbage-first heap   total 262144K, used 41254K [0x00000000e0000000, 0x0000000100000000)
  region size 1024K, 19 young (19456K), 18 survivors (18432K)
 Metaspace       used 34788K, committed 36032K, reserved 278528K
  class space    used 4842K, committed 5504K, reserved 212992K
}
Event: 17.183 GC heap after
{Heap after GC invocations=7 (full 0):
 garbage-first heap   total 262144K, used 41202K [0x00000000e0000000, 0x0000000100000000)
  region size 1024K, 2 young (2048K), 2 survivors (2048K)
 Metaspace       used 34788K, committed 36032K, reserved 278528K
  class space    used 4842K, committed 5504K, reserved 212992K
}
Event: 17.301 GC heap before
{Heap before GC invocations=7 (full 0):
 garbage-first heap   total 262144K, used 43250K [0x00000000e0000000, 0x0000000100000000)
  region size 1024K, 5 young (5120K), 2 survivors (2048K)
 Metaspace       used 35042K, committed 36288K, reserved 278528K
  class space    used 4883K, committed 5504K, reserved 212992K
}
Event: 17.303 GC heap after
{Heap after GC invocations=8 (full 0):
 garbage-first heap   total 262144K, used 39662K [0x00000000e0000000, 0x0000000100000000)
  region size 1024K, 1 young (1024K), 1 survivors (1024K)
 Metaspace       used 35042K, committed 36288K, reserved 278528K
  class space    used 4883K, committed 5504K, reserved 212992K
}
Event: 25.932 GC heap before
{Heap before GC invocations=9 (full 0):
 garbage-first heap   total 262144K, used 204526K [0x00000000e0000000, 0x0000000100000000)
  region size 1024K, 153 young (156672K), 1 survivors (1024K)
 Metaspace       used 52426K, committed 54080K, reserved 278528K
  class space    used 7396K, committed 8256K, reserved 212992K
}
Event: 25.958 GC heap after
{Heap after GC invocations=10 (full 0):
 garbage-first heap   total 262144K, used 61403K [0x00000000e0000000, 0x0000000100000000)
  region size 1024K, 13 young (13312K), 13 survivors (13312K)
 Metaspace       used 52426K, committed 54080K, reserved 278528K
  class space    used 7396K, committed 8256K, reserved 212992K
}
Event: 26.034 GC heap before
{Heap before GC invocations=10 (full 0):
 garbage-first heap   total 262144K, used 62427K [0x00000000e0000000, 0x0000000100000000)
  region size 1024K, 14 young (14336K), 13 survivors (13312K)
 Metaspace       used 52426K, committed 54080K, reserved 278528K
  class space    used 7396K, committed 8256K, reserved 212992K
}
Event: 26.058 GC heap after
{Heap after GC invocations=11 (full 0):
 garbage-first heap   total 262144K, used 62852K [0x00000000e0000000, 0x0000000100000000)
  region size 1024K, 2 young (2048K), 2 survivors (2048K)
 Metaspace       used 52426K, committed 54080K, reserved 278528K
  class space    used 7396K, committed 8256K, reserved 212992K
}
Event: 29.784 GC heap before
{Heap before GC invocations=11 (full 0):
 garbage-first heap   total 262144K, used 162180K [0x00000000e0000000, 0x0000000100000000)
  region size 1024K, 92 young (94208K), 2 survivors (2048K)
 Metaspace       used 59010K, committed 60736K, reserved 278528K
  class space    used 8375K, committed 9280K, reserved 212992K
}
Event: 29.798 GC heap after
{Heap after GC invocations=12 (full 0):
 garbage-first heap   total 262144K, used 80872K [0x00000000e0000000, 0x0000000100000000)
  region size 1024K, 11 young (11264K), 11 survivors (11264K)
 Metaspace       used 59010K, committed 60736K, reserved 278528K
  class space    used 8375K, committed 9280K, reserved 212992K
}
Event: 38.303 GC heap before
{Heap before GC invocations=13 (full 0):
 garbage-first heap   total 262144K, used 197608K [0x00000000e0000000, 0x0000000100000000)
  region size 1024K, 126 young (129024K), 11 survivors (11264K)
 Metaspace       used 70079K, committed 71936K, reserved 278528K
  class space    used 9567K, committed 10496K, reserved 212992K
}
Event: 38.342 GC heap after
{Heap after GC invocations=14 (full 0):
 garbage-first heap   total 262144K, used 91650K [0x00000000e0000000, 0x0000000100000000)
  region size 1024K, 11 young (11264K), 11 survivors (11264K)
 Metaspace       used 70079K, committed 71936K, reserved 278528K
  class space    used 9567K, committed 10496K, reserved 212992K
}
Event: 58.223 GC heap before
{Heap before GC invocations=14 (full 0):
 garbage-first heap   total 262144K, used 202242K [0x00000000e0000000, 0x0000000100000000)
  region size 1024K, 119 young (121856K), 11 survivors (11264K)
 Metaspace       used 73023K, committed 74944K, reserved 278528K
  class space    used 9839K, committed 10816K, reserved 212992K
}
Event: 58.249 GC heap after
{Heap after GC invocations=15 (full 0):
 garbage-first heap   total 262144K, used 97061K [0x00000000e0000000, 0x0000000100000000)
  region size 1024K, 8 young (8192K), 8 survivors (8192K)
 Metaspace       used 73023K, committed 74944K, reserved 278528K
  class space    used 9839K, committed 10816K, reserved 212992K
}
Event: 230.239 GC heap before
{Heap before GC invocations=15 (full 0):
 garbage-first heap   total 262144K, used 203557K [0x00000000e0000000, 0x0000000100000000)
  region size 1024K, 113 young (115712K), 8 survivors (8192K)
 Metaspace       used 76564K, committed 78592K, reserved 344064K
  class space    used 10229K, committed 11264K, reserved 212992K
}
Event: 230.259 GC heap after
{Heap after GC invocations=16 (full 0):
 garbage-first heap   total 262144K, used 103091K [0x00000000e0000000, 0x0000000100000000)
  region size 1024K, 14 young (14336K), 14 survivors (14336K)
 Metaspace       used 76564K, committed 78592K, reserved 344064K
  class space    used 10229K, committed 11264K, reserved 212992K
}
Event: 329.358 GC heap before
{Heap before GC invocations=16 (full 0):
 garbage-first heap   total 262144K, used 207539K [0x00000000e0000000, 0x0000000100000000)
  region size 1024K, 116 young (118784K), 14 survivors (14336K)
 Metaspace       used 77525K, committed 79616K, reserved 344064K
  class space    used 10342K, committed 11392K, reserved 212992K
}
Event: 329.380 GC heap after
{Heap after GC invocations=17 (full 0):
 garbage-first heap   total 262144K, used 101233K [0x00000000e0000000, 0x0000000100000000)
  region size 1024K, 5 young (5120K), 5 survivors (5120K)
 Metaspace       used 77525K, committed 79616K, reserved 344064K
  class space    used 10342K, committed 11392K, reserved 212992K
}
Event: 333.559 GC heap before
{Heap before GC invocations=17 (full 0):
 garbage-first heap   total 262144K, used 210801K [0x00000000e0000000, 0x0000000100000000)
  region size 1024K, 113 young (115712K), 5 survivors (5120K)
 Metaspace       used 79368K, committed 81472K, reserved 344064K
  class space    used 10665K, committed 11712K, reserved 212992K
}
Event: 333.573 GC heap after
{Heap after GC invocations=18 (full 0):
 garbage-first heap   total 262144K, used 103281K [0x00000000e0000000, 0x0000000100000000)
  region size 1024K, 7 young (7168K), 7 survivors (7168K)
 Metaspace       used 79368K, committed 81472K, reserved 344064K
  class space    used 10665K, committed 11712K, reserved 212992K
}

